0 info it worked if it ends with ok
1 verbose cli [ '/usr/bin/nodejs',
1 verbose cli   '/usr/bin/npm',
1 verbose cli   'install',
1 verbose cli   '-g',
1 verbose cli   'coffee-script' ]
2 info using npm@3.5.2
3 info using node@v4.2.6
4 silly loadCurrentTree Starting
5 silly install loadCurrentTree
6 silly install readGlobalPackageData
7 silly fetchPackageMetaData coffee-script
8 silly fetchNamedPackageData coffee-script
9 silly mapToRegistry name coffee-script
10 silly mapToRegistry using default registry
11 silly mapToRegistry registry https://registry.npmjs.org/
12 silly mapToRegistry uri https://registry.npmjs.org/coffee-script
13 verbose request uri https://registry.npmjs.org/coffee-script
14 verbose request no auth needed
15 info attempt registry request try #1 at 上午9:59:20
16 verbose request id b2c0501ba07b53ad
17 verbose etag W/"039d8532ef233b225b0e9b6480ce78e0"
18 verbose lastModified Sat, 26 May 2018 20:14:22 GMT
19 http request GET https://registry.npmjs.org/coffee-script
20 http 200 https://registry.npmjs.org/coffee-script
21 verbose headers { date: 'Fri, 28 Sep 2018 01:59:21 GMT',
21 verbose headers   'content-type': 'application/json; charset=UTF-8',
21 verbose headers   'transfer-encoding': 'chunked',
21 verbose headers   connection: 'keep-alive',
21 verbose headers   'set-cookie': [ '__cfduid=ddc86ed98d7e4557e4110cf061d4dae051538099961; expires=Sat, 28-Sep-19 01:59:21 GMT; path=/; domain=.registry.npmjs.org; HttpOnly' ],
21 verbose headers   'cf-cache-status': 'HIT',
21 verbose headers   'cache-control': 'max-age=300',
21 verbose headers   'cf-ray': '46129c3589341ebf-SJC',
21 verbose headers   etag: 'W/"4b00a0e68d400564862bbe3e87ddf7dc"',
21 verbose headers   'expect-ct': 'max-age=604800, report-uri="https://report-uri.cloudflare.com/cdn-cgi/beacon/expect-ct"',
21 verbose headers   'last-modified': 'Fri, 03 Aug 2018 00:37:07 GMT',
21 verbose headers   vary: 'accept-encoding, accept',
21 verbose headers   server: 'cloudflare',
21 verbose headers   'content-encoding': 'gzip' }
22 silly get cb [ 200,
22 silly get   { date: 'Fri, 28 Sep 2018 01:59:21 GMT',
22 silly get     'content-type': 'application/json; charset=UTF-8',
22 silly get     'transfer-encoding': 'chunked',
22 silly get     connection: 'keep-alive',
22 silly get     'set-cookie': [ '__cfduid=ddc86ed98d7e4557e4110cf061d4dae051538099961; expires=Sat, 28-Sep-19 01:59:21 GMT; path=/; domain=.registry.npmjs.org; HttpOnly' ],
22 silly get     'cf-cache-status': 'HIT',
22 silly get     'cache-control': 'max-age=300',
22 silly get     'cf-ray': '46129c3589341ebf-SJC',
22 silly get     etag: 'W/"4b00a0e68d400564862bbe3e87ddf7dc"',
22 silly get     'expect-ct': 'max-age=604800, report-uri="https://report-uri.cloudflare.com/cdn-cgi/beacon/expect-ct"',
22 silly get     'last-modified': 'Fri, 03 Aug 2018 00:37:07 GMT',
22 silly get     vary: 'accept-encoding, accept',
22 silly get     server: 'cloudflare',
22 silly get     'content-encoding': 'gzip' } ]
23 verbose get saving coffee-script to /home/hesy/.npm/registry.npmjs.org/coffee-script/.cache.json
24 silly install normalizeTree
25 silly loadCurrentTree Finishing
26 silly loadIdealTree Starting
27 silly install loadIdealTree
28 silly cloneCurrentTree Starting
29 silly install cloneCurrentTreeToIdealTree
30 silly cloneCurrentTree Finishing
31 silly loadShrinkwrap Starting
32 silly install loadShrinkwrap
33 silly loadShrinkwrap Finishing
34 silly loadAllDepsIntoIdealTree Starting
35 silly install loadAllDepsIntoIdealTree
36 silly resolveWithNewModule coffee-script@1.12.7 checking installable status
37 silly cache add args [ 'coffee-script', null ]
38 verbose cache add spec coffee-script
39 silly cache add parsed spec Result {
39 silly cache add   raw: 'coffee-script',
39 silly cache add   scope: null,
39 silly cache add   name: 'coffee-script',
39 silly cache add   rawSpec: '',
39 silly cache add   spec: 'latest',
39 silly cache add   type: 'tag' }
40 silly addNamed coffee-script@latest
41 verbose addNamed "latest" is being treated as a dist-tag for coffee-script
42 info addNameTag [ 'coffee-script', 'latest' ]
43 silly mapToRegistry name coffee-script
44 silly mapToRegistry using default registry
45 silly mapToRegistry registry https://registry.npmjs.org/
46 silly mapToRegistry uri https://registry.npmjs.org/coffee-script
47 verbose addNameTag registry:https://registry.npmjs.org/coffee-script not in flight; fetching
48 verbose get https://registry.npmjs.org/coffee-script not expired, no request
49 silly addNameTag next cb for coffee-script with tag latest
50 silly addNamed coffee-script@1.12.7
51 verbose addNamed "1.12.7" is a plain semver version for coffee-script
52 warn deprecated coffee-script@1.12.7: CoffeeScript on NPM has moved to "coffeescript" (no hyphen)
53 silly cache afterAdd coffee-script@1.12.7
54 verbose afterAdd /home/hesy/.npm/coffee-script/1.12.7/package/package.json not in flight; writing
55 verbose afterAdd /home/hesy/.npm/coffee-script/1.12.7/package/package.json written
56 silly loadAllDepsIntoIdealTree Finishing
57 silly idealTree:prePrune lib
57 silly idealTree:prePrune └── coffee-script@1.12.7
58 silly loadIdealTree Finishing
59 silly currentTree lib
60 silly idealTree lib
60 silly idealTree └── coffee-script@1.12.7
61 silly generateActionsToTake Starting
62 silly install generateActionsToTake
63 warn checkPermissions Missing write access to /usr/local/lib/node_modules
64 silly rollbackFailedOptional Starting
65 silly rollbackFailedOptional Finishing
66 silly runTopLevelLifecycles Starting
67 silly runTopLevelLifecycles Finishing
68 silly install printInstalled
69 verbose stack Error: EACCES: permission denied, access '/usr/local/lib/node_modules'
69 verbose stack     at Error (native)
70 verbose cwd /home/hesy/web/reach_search_plugin
71 error Linux 4.13.0-26-generic
72 error argv "/usr/bin/nodejs" "/usr/bin/npm" "install" "-g" "coffee-script"
73 error node v4.2.6
74 error npm  v3.5.2
75 error path /usr/local/lib/node_modules
76 error code EACCES
77 error errno -13
78 error syscall access
79 error Error: EACCES: permission denied, access '/usr/local/lib/node_modules'
79 error     at Error (native)
79 error  { [Error: EACCES: permission denied, access '/usr/local/lib/node_modules']
79 error   errno: -13,
79 error   code: 'EACCES',
79 error   syscall: 'access',
79 error   path: '/usr/local/lib/node_modules' }
80 error Please try running this command again as root/Administrator.
81 verbose exit [ -13, true ]
